<?xml version="1.0" encoding="UTF-8"?>
<!-- Generated by org.testng.reporters.JUnitXMLReporter -->
<testsuite ignored="0" hostname="DESKTOP-0MGR9KI" failures="0" tests="3" name="Default test" time="35.155" errors="0" timestamp="2022-06-18T18:18:28 ICT">
  <testcase classname="com.nextsoft.testcom.product.testCases.BuyProductTest" name="test_Login_toHomepage" time="10.632"/>
  <testcase classname="com.nextsoft.testcom.product.testCases.BuyProductTest" name="test_getProduct_Image_Name_Prize" time="0.747"/>
  <testcase classname="com.nextsoft.testcom.product.testCases.BuyProductTest" name="testCheck_btnQuickView" time="4.445"/>
</testsuite> <!-- Default test -->
