<?xml version="1.0" encoding="UTF-8"?>
<!-- Generated by org.testng.reporters.JUnitXMLReporter -->
<testsuite ignored="0" hostname="Nexsoft" failures="0" tests="3" name="Default test" time="32.746" errors="0" timestamp="2022-06-17T06:41:39 WIB">
  <testcase classname="com.nextsoft.testcom.product.BuyProductTest" name="test_Login_toHomepage" time="10.267"/>
  <testcase classname="com.nextsoft.testcom.product.BuyProductTest" name="test_getProduct_Image_Name_Prize" time="0.674"/>
  <testcase classname="com.nextsoft.testcom.product.BuyProductTest" name="testCheck_btnQuickView" time="4.366"/>
</testsuite> <!-- Default test -->
