<?xml version="1.0" encoding="UTF-8"?>
<!-- Generated by org.testng.reporters.JUnitXMLReporter -->
<testsuite ignored="0" hostname="DESKTOP-0MGR9KI" failures="0" tests="5" name="Buy Product" time="43.877" errors="0" timestamp="2022-06-17T02:45:53 ICT">
  <testcase classname="com.nextsoft.testcom.product.BuyProductTest" name="test_Login_toHomepage" time="10.006"/>
  <testcase classname="com.nextsoft.testcom.product.BuyProductTest" name="test_getProduct_Image_Name_Prize" time="0.753"/>
  <testcase classname="com.nextsoft.testcom.product.BuyProductTest" name="testCheck_btnQuickView" time="4.099"/>
  <testcase classname="com.nextsoft.testcom.product.BuyProductTest" name="testCheck_btnMore" time="4.538"/>
  <testcase classname="com.nextsoft.testcom.product.BuyProductTest" name="testCheck_btnAddToCart" time="2.931"/>
</testsuite> <!-- Buy Product -->
